Mobile Application - Android JAVA/app/build/intermediates/manifest_merge_blame_file/debug/manifest-merger-blame-debug-report.txt
1<?xml version="1.0" encoding="utf-8"?>
2<manifest xmlns:android="http://schemas.android.com/apk/res/android"
3    package="com.example.recyclermusic"
4    android:versionCode="1"
5    android:versionName="1.0" >
6
7    <uses-sdk
8        android:minSdkVersion="16"
8-->src\main\AndroidManifest.xml
9        android:targetSdkVersion="28" />
9-->src\main\AndroidManifest.xml
10
11    <uses-permission android:name="android.permission.INTERNET" />
11-->src\main\AndroidManifest.xml:5:5-67
11-->src\main\AndroidManifest.xml:5:22-64
12    <uses-permission android:name="android.permission.READ_EXTERNAL_STORAGE" />
12-->src\main\AndroidManifest.xml:6:5-80
12-->src\main\AndroidManifest.xml:6:22-77
13
14    <application
14-->src\main\AndroidManifest.xml:8:5-39:19
15        android:name="com.example.recyclermusic.App"
15-->src\main\AndroidManifest.xml:10:9-28
16        android:allowBackup="true"
16-->src\main\AndroidManifest.xml:11:9-35
17        android:appComponentFactory="androidx.core.app.CoreComponentFactory"
17-->[androidx.core:core:1.3.1] AndroidManifest.xml:24:18-86
18        android:debuggable="true"
19        android:icon="@drawable/logo"
19-->src\main\AndroidManifest.xml:12:9-38
20        android:label="@string/app_name"
20-->src\main\AndroidManifest.xml:13:9-41
21        android:roundIcon="@mipmap/ic_launcher_round"
21-->src\main\AndroidManifest.xml:14:9-54
22        android:supportsRtl="true"
22-->src\main\AndroidManifest.xml:15:9-35
23        android:testOnly="true"
24        android:theme="@style/Theme.RecyclerMusic"
24-->src\main\AndroidManifest.xml:16:9-51
25        android:usesCleartextTraffic="true" >
25-->src\main\AndroidManifest.xml:17:9-44
26        <activity android:name="com.example.recyclermusic.DashboardActivity" />
26-->src\main\AndroidManifest.xml:18:9-64
26-->src\main\AndroidManifest.xml:18:19-52
27        <activity android:name="com.example.recyclermusic.RegisterActivity" />
27-->src\main\AndroidManifest.xml:19:9-54
27-->src\main\AndroidManifest.xml:19:19-51
28        <activity android:name="com.example.recyclermusic.LoginActivity" />
28-->src\main\AndroidManifest.xml:20:9-51
28-->src\main\AndroidManifest.xml:20:19-48
29        <activity android:name="com.example.recyclermusic.MainActivity" />
29-->src\main\AndroidManifest.xml:21:9-50
29-->src\main\AndroidManifest.xml:21:19-47
30        <activity android:name="com.example.recyclermusic.PlayerActivity" />
30-->src\main\AndroidManifest.xml:22:9-52
30-->src\main\AndroidManifest.xml:22:19-49
31        <activity android:name="com.example.recyclermusic.SongsListActivity" />
31-->src\main\AndroidManifest.xml:23:9-55
31-->src\main\AndroidManifest.xml:23:19-52
32        <activity android:name="com.example.recyclermusic.SplashScreen" >
32-->src\main\AndroidManifest.xml:24:9-31:20
32-->src\main\AndroidManifest.xml:24:19-47
33            <intent-filter>
33-->src\main\AndroidManifest.xml:25:13-29:29
34                <action android:name="android.intent.action.MAIN" />
34-->src\main\AndroidManifest.xml:26:17-69
34-->src\main\AndroidManifest.xml:26:25-66
35
36                <category android:name="android.intent.category.LAUNCHER" />
36-->src\main\AndroidManifest.xml:28:17-77
36-->src\main\AndroidManifest.xml:28:27-74
37            </intent-filter>
38        </activity>
39
40        <!--
41        <receiver android:name="MyBroadcastReceiver">
42            <intent-filter>
43                <action android:name="CUSTOM_INTENT">
44                </action>
45            </intent-filter>
46        </receiver>
47        -->
48        <activity
48-->[com.karumi:dexter:6.2.1] AndroidManifest.xml:27:9-29:72
49            android:name="com.karumi.dexter.DexterActivity"
49-->[com.karumi:dexter:6.2.1] AndroidManifest.xml:28:13-60
50            android:theme="@style/Dexter.Internal.Theme.Transparent" />
50-->[com.karumi:dexter:6.2.1] AndroidManifest.xml:29:13-69
51    </application>
52
53</manifest>